\BOOKMARK [0][-]{section*.1}{\376\377\000L\036\335\000i\000\040\000c\036\243\000m\000\040\001\241\000n}{}% 1
\BOOKMARK [0][-]{chapter*.3}{\376\377\000D\000a\000n\000h\000\040\000s\000\341\000c\000h\000\040\000h\000\354\000n\000h\000\040\000v\036\275}{}% 2
\BOOKMARK [0][-]{chapter*.4}{\376\377\000D\000a\000n\000h\000\040\000s\000\341\000c\000h\000\040\000b\000a\000n\000g}{}% 3
\BOOKMARK [0][-]{chapter*.5}{\376\377\000D\000a\000n\000h\000\040\000s\000\341\000c\000h\000\040\000t\000\352\000n\000\040\000v\000i\036\277\000t\000\040\000t\036\257\000t}{}% 4
\BOOKMARK [0][-]{chapter*.6}{\376\377\000M\036\336\000\040\001\020\036\246\000U}{}% 5
\BOOKMARK [0][-]{chapter.7}{\376\377\000T\036\324\000N\000G\000\040\000Q\000U\000A\000N\000\040\001\020\036\300\000\040\000T\000\300\000I}{}% 6
\BOOKMARK [0][-]{chapter.8}{\376\377\000C\001\240\000\040\000S\036\336\000\040\000L\000\335\000\040\000T\000H\000U\000Y\036\276\000T}{}% 7
\BOOKMARK [1][-]{section.9}{\376\377\000T\036\325\000n\000g\000\040\000q\000u\000a\000n\000\040\000v\036\301\000\040\000k\000h\036\321\000i\000\040\000d\036\357\000\040\000l\000i\036\307\000u\000\040\0003\000D\000\040\000t\000r\000o\000n\000g\000\040\000Y\000\040\000k\000h\000o\000a}{chapter.8}% 8
\BOOKMARK [1][-]{section.10}{\376\377\000K\000i\036\277\000n\000\040\000t\000r\000\372\000c\000\040\000L\036\255\000p\000\040\000t\000r\000\354\000n\000h\000\040\000s\000o\000n\000g\000\040\000s\000o\000n\000g\000\040\000C\000U\000D\000A}{chapter.8}% 9
\BOOKMARK [1][-]{section.15}{\376\377\000C\001\241\000\040\000s\036\337\000\040\000t\000h\000u\036\255\000t\000\040\000t\000o\000\341\000n\000\040\000n\000h\000\341\000n\000h\000\040\000p\000h\000\342\000n\000\040\000t\000\355\000c\000h\000\040\000m\036\241\000c\000h\000\040\000m\000\341\000u\000\040\000\050\000V\000e\000s\000s\000e\000l\000\040\000A\000n\000a\000l\000y\000s\000i\000s\000\051}{chapter.8}% 10
\BOOKMARK [2][-]{subsection.16}{\376\377\000T\000h\000u\036\255\000t\000\040\000t\000o\000\341\000n\000\040\000c\000h\000i\036\277\000u\000\040\036\243\000n\000h\000\040\000c\001\260\036\335\000n\000g\000\040\001\021\036\331\000\040\000t\036\321\000i\000\040\001\021\000a\000\040\000\050\000M\000I\000P\000\051}{section.15}% 11
\BOOKMARK [2][-]{subsection.19}{\376\377\000B\036\331\000\040\000l\036\315\000c\000\040\000t\000r\000u\000n\000g\000\040\000b\000\354\000n\000h\000\040\000\050\000M\000e\000a\000n\000\040\000F\000i\000l\000t\000e\000r\000\051}{section.15}% 12
\BOOKMARK [2][-]{subsection.21}{\376\377\000T\000h\000u\036\255\000t\000\040\000t\000o\000\341\000n\000\040\000p\000h\000\342\000n\000\040\000n\000g\001\260\036\341\000n\000g\000\040\000n\000h\036\313\000\040\000p\000h\000\342\000n\000\040\000\050\000T\000h\000r\000e\000s\000h\000o\000l\000d\000i\000n\000g\000\051}{section.15}% 13
\BOOKMARK [2][-]{subsection.23}{\376\377\000T\000\355\000n\000h\000\040\000t\000o\000\341\000n\000\040\000M\036\255\000t\000\040\001\021\036\331\000\040\000m\036\241\000c\000h\000\040\000m\000\341\000u\000\040\000\050\000V\000e\000s\000s\000e\000l\000\040\000D\000e\000n\000s\000i\000t\000y\000\051}{section.15}% 14
\BOOKMARK [1][-]{section.25}{\376\377\000P\000h\000\342\000n\000\040\000t\000\355\000c\000h\000\040\000k\036\277\000t\000\040\000c\036\245\000u\000\040\000m\000\364\000\040\000b\036\261\000n\000g\000\040\000m\000a\000\040\000t\000r\036\255\000n\000\040\000G\000L\000C\000M\000\040\000\050\000T\000e\000x\000t\000u\000r\000e\000\040\000A\000n\000a\000l\000y\000s\000i\000s\000\051}{chapter.8}% 15
\BOOKMARK [2][-]{subsection.27}{\376\377\001\020\036\331\000\040\000t\001\260\001\241\000n\000g\000\040\000p\000h\036\243\000n\000\040\000\050\000C\000o\000n\000t\000r\000a\000s\000t\000\051}{section.25}% 16
\BOOKMARK [2][-]{subsection.29}{\376\377\001\020\036\331\000\040\001\021\036\323\000n\000g\000\040\000n\000h\036\245\000t\000\040\000\050\000H\000o\000m\000o\000g\000e\000n\000e\000i\000t\000y\000\051}{section.25}% 17
\BOOKMARK [2][-]{subsection.31}{\376\377\000N\001\003\000n\000g\000\040\000l\001\260\036\343\000n\000g\000\040\000\050\000E\000n\000e\000r\000g\000y\000\051}{section.25}% 18
\BOOKMARK [0][-]{chapter.33}{\376\377\000P\000H\001\257\001\240\000N\000G\000\040\000P\000H\000\301\000P\000\040\000V\000\300\000\040\000K\000I\036\276\000N\000\040\000T\000R\000\332\000C\000\040\000H\036\306\000\040\000T\000H\036\320\000N\000G}{}% 19
\BOOKMARK [1][-]{section.34}{\376\377\000K\000i\036\277\000n\000\040\000t\000r\000\372\000c\000\040\000h\036\307\000\040\000t\000h\036\321\000n\000g\000\040\000t\036\325\000n\000g\000\040\000q\000u\000\341\000t\000\040\000\050\000S\000y\000s\000t\000e\000m\000\040\000P\000i\000p\000e\000l\000i\000n\000e\000\051}{chapter.33}% 20
\BOOKMARK [1][-]{section.38}{\376\377\000T\036\321\000i\000\040\001\260\000u\000\040\000h\000\363\000a\000\040\000I\000/\000O\000\040\000D\036\357\000\040\000l\000i\036\307\000u\000\040\000\050\000D\000a\000t\000a\000\040\000I\000/\000O\000\040\000O\000p\000t\000i\000m\000i\000z\000a\000t\000i\000o\000n\000\051}{chapter.33}% 21
\BOOKMARK [1][-]{section.39}{\376\377\000T\000h\000i\036\277\000t\000\040\000k\036\277\000\040\000v\000\340\000\040\000T\000r\000i\036\303\000n\000\040\000k\000h\000a\000i\000\040\000c\000\341\000c\000\040\000h\000\340\000m\000\040\000K\000e\000r\000n\000e\000l\000\040\000C\000U\000D\000A}{chapter.33}% 22
\BOOKMARK [2][-]{subsection.40}{\376\377\000K\000e\000r\000n\000e\000l\000\040\000C\000h\000i\036\277\000u\000\040\036\243\000n\000h\000\040\000c\001\260\036\335\000n\000g\000\040\001\021\036\331\000\040\000t\036\321\000i\000\040\001\021\000a\000\040\000\050\000M\000I\000P\000\137\000P\000r\000o\000j\000e\000c\000t\000i\000o\000n\000\051}{section.39}% 23
\BOOKMARK [2][-]{subsection.41}{\376\377\000C\000\341\000c\000\040\000K\000e\000r\000n\000e\000l\000\040\000t\000h\000u\036\331\000c\000\040\000n\000h\000\341\000n\000h\000\040\000V\000e\000s\000s\000e\000l\000\040\000A\000n\000a\000l\000y\000s\000i\000s}{section.39}% 24
\BOOKMARK [2][-]{subsection.42}{\376\377\000K\000e\000r\000n\000e\000l\000\040\000t\000h\000u\036\331\000c\000\040\000n\000h\000\341\000n\000h\000\040\000T\000e\000x\000t\000u\000r\000e\000\040\000A\000n\000a\000l\000y\000s\000i\000s\000\040\000\050\000G\000L\000C\000M\000\051}{section.39}% 25
\BOOKMARK [1][-]{section.44}{\376\377\000Q\000u\036\243\000n\000\040\000l\000\375\000\040\000b\036\331\000\040\000n\000h\036\333\000\040\000v\000\340\000\040\001\020\036\323\000n\000g\000\040\000b\036\331\000\040\000h\000\363\000a}{chapter.33}% 26
\BOOKMARK [0][-]{chapter.45}{\376\377\000K\036\276\000T\000\040\000Q\000U\036\242\000\040\000T\000H\036\360\000C\000\040\000N\000G\000H\000I\036\306\000M\000\040\000V\000\300\000\040\001\020\000\301\000N\000H\000\040\000G\000I\000\301}{}% 27
\BOOKMARK [1][-]{section.46}{\376\377\000M\000\364\000i\000\040\000t\000r\001\260\036\335\000n\000g\000\040\000v\000\340\000\040\000D\036\357\000\040\000l\000i\036\307\000u\000\040\000t\000h\036\361\000c\000\040\000n\000g\000h\000i\036\307\000m}{chapter.45}% 28
\BOOKMARK [1][-]{section.48}{\376\377\001\020\000\341\000n\000h\000\040\000g\000i\000\341\000\040\000t\036\321\000c\000\040\001\021\036\331\000\040\000v\000\340\000\040\000H\000i\036\307\000u\000\040\000n\001\003\000n\000g\000\040\000t\000\355\000n\000h\000\040\000t\000o\000\341\000n\000\040\000\050\000P\000e\000r\000f\000o\000r\000m\000a\000n\000c\000e\000\051}{chapter.45}% 29
\BOOKMARK [1][-]{section.49}{\376\377\001\020\000\341\000n\000h\000\040\000g\000i\000\341\000\040\000k\036\277\000t\000\040\000q\000u\036\243\000\040\000t\000r\036\361\000c\000\040\000q\000u\000a\000n\000\040\000\050\001\020\036\313\000n\000h\000\040\000t\000\355\000n\000h\000\051}{chapter.45}% 30
\BOOKMARK [1][-]{section.50}{\376\377\001\020\000\341\000n\000h\000\040\000g\000i\000\341\000\040\000c\000\341\000c\000\040\000c\000h\036\311\000\040\000s\036\321\000\040\000y\000\040\000k\000h\000o\000a\000\040\001\021\036\313\000n\000h\000\040\000l\001\260\036\343\000n\000g\000\040\000\050\000Q\000u\000a\000n\000t\000i\000t\000a\000t\000i\000v\000e\000\040\000M\000e\000t\000r\000i\000c\000s\000\051}{chapter.45}% 31
\BOOKMARK [2][-]{subsection.51}{\376\377\000N\000h\000\341\000n\000h\000\040\000p\000h\000\342\000n\000\040\000t\000\355\000c\000h\000\040\000h\000\354\000n\000h\000\040\000h\036\315\000c\000\040\000\050\000M\036\241\000c\000h\000\040\000m\000\341\000u\000\051}{section.50}% 32
\BOOKMARK [2][-]{subsection.52}{\376\377\000N\000h\000\341\000n\000h\000\040\000p\000h\000\342\000n\000\040\000t\000\355\000c\000h\000\040\000k\036\277\000t\000\040\000c\036\245\000u\000\040\000\050\000T\000e\000x\000t\000u\000r\000e\000\040\040\023\000\040\000G\000L\000C\000M\000\051}{section.50}% 33
\BOOKMARK [1][-]{table.caption.53}{\376\377\000K\036\277\000t\000\040\000l\000u\036\255\000n\000\040\000v\000\340\000\040\000H\001\260\036\333\000n\000g\000\040\000p\000h\000\341\000t\000\040\000t\000r\000i\036\303\000n}{chapter.45}% 34
\BOOKMARK [0][-]{chapter*.57}{\376\377\000T\000\340\000i\000\040\000l\000i\036\307\000u\000\040\000t\000h\000a\000m\000\040\000k\000h\036\243\000o}{}% 35
\BOOKMARK [0][-]{appendix.58}{\376\377\000M\000\343\000\040\000n\000g\000u\036\323\000n\000\040\000K\000e\000r\000n\000e\000l\000\040\000C\000U\000D\000A}{}% 36
\BOOKMARK [1][-]{section.59}{\376\377\000K\000e\000r\000n\000e\000l\000\040\000M\000I\000P\000\040\000P\000r\000o\000j\000e\000c\000t\000i\000o\000n}{appendix.58}% 37
\BOOKMARK [1][-]{section.60}{\376\377\000K\000e\000r\000n\000e\000l\000\040\000M\000e\000a\000n\000\040\000B\000l\000u\000r}{appendix.58}% 38
\BOOKMARK [1][-]{section.61}{\376\377\000K\000e\000r\000n\000e\000l\000\040\000T\000h\000r\000e\000s\000h\000o\000l\000d\000i\000n\000g\000\040\000v\000\340\000\040\000C\000o\000u\000n\000t\000\040\000V\000e\000s\000s\000e\000l\000s}{appendix.58}% 39
\BOOKMARK [1][-]{section.62}{\376\377\000K\000e\000r\000n\000e\000l\000\040\000C\000o\000m\000p\000u\000t\000e\000\040\000G\000L\000C\000M}{appendix.58}% 40
